<?xml version="1.0" encoding="UTF-8"?>
<!-- Generated by org.testng.reporters.JUnitReportReporter -->
<testsuite skipped="0" hostname="LAPTOP-IB42R380" name="testCases.testr" tests="1" failures="0" timestamp="2021-08-13T11:26:11 EDT" time="17.145" errors="0">
  <testcase name="openBrowser" time="17.145" classname="testCases.testr"/>
  <system-out/>
</testsuite> <!-- testCases.testr -->
