<?xml version="1.0" encoding="UTF-8"?>
<!-- Generated by org.testng.reporters.JUnitReportReporter -->
<testsuite skipped="0" hostname="LAPTOP-IB42R380" name="testCases.headphonePurchaseValidationRunner" tests="1" failures="0" timestamp="2021-08-13T16:44:16 EDT" time="29.476" errors="0">
  <testcase name="runnerHPPV" time="29.476" classname="testCases.headphonePurchaseValidationRunner"/>
  <system-out/>
</testsuite> <!-- testCases.headphonePurchaseValidationRunner -->
