<?xml version="1.0" encoding="UTF-8"?>
<!-- Generated by org.testng.reporters.JUnitReportReporter -->
<testsuite skipped="0" hostname="LAPTOP-IB42R380" name="testCases.tabletPurchaseValidationRunner" tests="1" failures="0" timestamp="2021-08-12T23:53:42 EDT" time="27.846" errors="0">
  <testcase name="runnerTPV" time="27.846" classname="testCases.tabletPurchaseValidationRunner"/>
  <system-out/>
</testsuite> <!-- testCases.tabletPurchaseValidationRunner -->
