<?xml version="1.0" encoding="UTF-8"?>
<!-- Generated by org.testng.reporters.JUnitReportReporter -->
<testsuite skipped="0" hostname="LAPTOP-IB42R380" name="testCases.homepageValidationRunner" tests="1" failures="0" timestamp="2021-08-12T23:53:42 EDT" time="2.942" errors="0">
  <testcase name="runnerHPV" time="2.942" classname="testCases.homepageValidationRunner"/>
  <system-out/>
</testsuite> <!-- testCases.homepageValidationRunner -->
