<?xml version="1.0" encoding="UTF-8"?>
<!-- Generated by org.testng.reporters.JUnitReportReporter -->
<testsuite skipped="0" hostname="LAPTOP-IB42R380" name="testCases.searchNShoppingCartValidationRunner" tests="1" failures="0" timestamp="2021-08-12T23:53:42 EDT" time="28.735" errors="0">
  <testcase name="runnerSSCV" time="28.735" classname="testCases.searchNShoppingCartValidationRunner"/>
  <system-out/>
</testsuite> <!-- testCases.searchNShoppingCartValidationRunner -->
