<?xml version="1.0" encoding="UTF-8"?>
<!-- Generated by org.testng.reporters.JUnitReportReporter -->
<testsuite skipped="0" hostname="LAPTOP-IB42R380" name="testCases.CUPV_contactUsPageValidationRunner" tests="1" failures="0" timestamp="2021-08-13T22:55:19 EDT" time="29.733" errors="0">
  <testcase name="runnerSSCV" time="29.733" classname="testCases.CUPV_contactUsPageValidationRunner"/>
  <system-out/>
</testsuite> <!-- testCases.CUPV_contactUsPageValidationRunner -->
