<?xml version="1.0" encoding="UTF-8"?>
<!-- Generated by org.testng.reporters.JUnitReportReporter -->
<testsuite skipped="0" hostname="LAPTOP-IB42R380" name="testCases.TPV_tabletPurchaseValidationRunner" tests="1" failures="0" timestamp="2021-08-14T09:11:27 EDT" time="39.504" errors="0">
  <testcase name="runnerTPV" time="39.504" classname="testCases.TPV_tabletPurchaseValidationRunner"/>
  <system-out/>
</testsuite> <!-- testCases.TPV_tabletPurchaseValidationRunner -->
