<?xml version="1.0" encoding="UTF-8"?>
<!-- Generated by org.testng.reporters.JUnitReportReporter -->
<testsuite skipped="0" hostname="LAPTOP-IB42R380" name="testCases.SSV_searchNShoppingCartValidationRunner" tests="1" failures="0" timestamp="2021-08-13T22:55:19 EDT" time="27.524" errors="0">
  <testcase name="runnerSSCV" time="27.524" classname="testCases.SSV_searchNShoppingCartValidationRunner"/>
  <system-out/>
</testsuite> <!-- testCases.SSV_searchNShoppingCartValidationRunner -->
