<?xml version="1.0" encoding="UTF-8"?>
<!-- Generated by org.testng.reporters.JUnitReportReporter -->
<testsuite skipped="0" hostname="LAPTOP-IB42R380" name="testCases.HPPV_headphonePurchaseValidationRunner" tests="1" failures="0" timestamp="2021-08-13T22:55:19 EDT" time="29.992" errors="0">
  <testcase name="runnerHPPV" time="29.992" classname="testCases.HPPV_headphonePurchaseValidationRunner"/>
  <system-out/>
</testsuite> <!-- testCases.HPPV_headphonePurchaseValidationRunner -->
