<?xml version="1.0" encoding="UTF-8"?>
<!-- Generated by org.testng.reporters.JUnitReportReporter -->
<testsuite skipped="0" hostname="LAPTOP-IB42R380" name="testCases.contactUsPageValidationRunner" tests="1" failures="0" timestamp="2021-08-13T18:36:34 EDT" time="13.197" errors="0">
  <testcase name="runnerSSCV" time="13.197" classname="testCases.contactUsPageValidationRunner"/>
  <system-out/>
</testsuite> <!-- testCases.contactUsPageValidationRunner -->
