<?xml version="1.0" encoding="UTF-8"?>
<!-- Generated by org.testng.reporters.JUnitReportReporter -->
<testsuite skipped="0" hostname="LAPTOP-IB42R380" name="testCases.tabletPurchaseValidationKeywords" tests="1" failures="0" timestamp="2021-08-12T00:53:29 EDT" time="11.997" errors="0">
  <testcase name="tabletPurchase" time="11.997" classname="testCases.tabletPurchaseValidationKeywords"/>
  <system-out/>
</testsuite> <!-- testCases.tabletPurchaseValidationKeywords -->
