<?xml version="1.0" encoding="UTF-8"?>
<!-- Generated by org.testng.reporters.JUnitReportReporter -->
<testsuite skipped="0" hostname="LAPTOP-IB42R380" name="testCases.HPV_homepageValidationRunner" tests="1" failures="0" timestamp="2021-08-14T10:38:38 EDT" time="7.520" errors="0">
  <testcase name="runnerHPV" time="7.520" classname="testCases.HPV_homepageValidationRunner"/>
  <system-out/>
</testsuite> <!-- testCases.HPV_homepageValidationRunner -->
