<?xml version="1.0" encoding="UTF-8"?>
<!-- Generated by org.testng.reporters.JUnitReportReporter -->
<testsuite skipped="0" hostname="LAPTOP-IB42R380" name="testCases.HomepageValidation" tests="1" failures="0" timestamp="2021-08-08T14:56:04 EDT" time="3.529" errors="0">
  <testcase name="homepageValidation" time="3.529" classname="testCases.HomepageValidation"/>
  <system-out/>
</testsuite> <!-- testCases.HomepageValidation -->
