<?xml version="1.0" encoding="UTF-8"?>
<!-- Generated by org.testng.reporters.JUnitReportReporter -->
<testsuite skipped="0" hostname="LAPTOP-IB42R380" name="testCases.SearchNShoppingCartValidation" tests="1" failures="0" timestamp="2021-08-12T22:35:56 EDT" time="16.476" errors="0">
  <testcase name="openBrowser" time="16.476" classname="testCases.SearchNShoppingCartValidation"/>
  <system-out/>
</testsuite> <!-- testCases.SearchNShoppingCartValidation -->
